<?xml version="1.0" encoding="UTF-8"?>
<!-- Generated by org.testng.reporters.JUnitReportReporter -->
<testsuite hostname="madhavi" name="com.selenium.NewTest" tests="1" failures="0" timestamp="10 Oct 2018 08:57:10 GMT" time="0.124" errors="0">
  <testcase name="f" time="0.124" classname="com.selenium.NewTest"/>
</testsuite> <!-- com.selenium.NewTest -->
